Flow report for DE2_115_AR
Sat Jun 17 21:48:38 2023
Quartus II 64-Bit Version 15.0.0 Build 145 04/22/2015 SJ Full Version


---------------------
; Table of Contents ;
---------------------
  1. Legal Notice
  2. Flow Summary
  3. Flow Settings
  4. Flow Non-Default Global Settings
  5. Flow Elapsed Time
  6. Flow OS Summary
  7. Flow Log
  8. Flow Messages
  9. Flow Suppressed Messages



----------------
; Legal Notice ;
----------------
Copyright (C) 1991-2015 Altera Corporation. All rights reserved.
Your use of Altera Corporation's design tools, logic functions 
and other software and tools, and its AMPP partner logic 
functions, and any output files from any of the foregoing 
(including device programming or simulation files), and any 
associated documentation or information are expressly subject 
to the terms and conditions of the Altera Program License 
Subscription Agreement, the Altera Quartus II License Agreement,
the Altera MegaCore Function License Agreement, or other 
applicable license agreement, including, without limitation, 
that your use is for the sole purpose of programming logic 
devices manufactured by Altera and sold by Altera or its 
authorized distributors.  Please refer to the applicable 
agreement for further details.



+----------------------------------------------------------------------------------+
; Flow Summary                                                                     ;
+------------------------------------+---------------------------------------------+
; Flow Status                        ; Successful - Sat Jun 17 21:48:14 2023       ;
; Quartus II 64-Bit Version          ; 15.0.0 Build 145 04/22/2015 SJ Full Version ;
; Revision Name                      ; DE2_115_AR                                  ;
; Top-level Entity Name              ; DE2_115_CAMERA                              ;
; Family                             ; Cyclone IV E                                ;
; Device                             ; EP4CE115F29C7                               ;
; Timing Models                      ; Final                                       ;
; Total logic elements               ; 23,452 / 114,480 ( 20 % )                   ;
;     Total combinational functions  ; 21,849 / 114,480 ( 19 % )                   ;
;     Dedicated logic registers      ; 8,129 / 114,480 ( 7 % )                     ;
; Total registers                    ; 8129                                        ;
; Total pins                         ; 260 / 529 ( 49 % )                          ;
; Total virtual pins                 ; 0                                           ;
; Total memory bits                  ; 513,299 / 3,981,312 ( 13 % )                ;
; Embedded Multiplier 9-bit elements ; 72 / 532 ( 14 % )                           ;
; Total PLLs                         ; 1 / 4 ( 25 % )                              ;
+------------------------------------+---------------------------------------------+


+-----------------------------------------+
; Flow Settings                           ;
+-------------------+---------------------+
; Option            ; Setting             ;
+-------------------+---------------------+
; Start date & time ; 06/17/2023 21:43:44 ;
; Main task         ; Compilation         ;
; Revision Name     ; DE2_115_AR          ;
+-------------------+---------------------+


+------------------------------------------------------------------------------------------------------------------------------------------------------------------+
; Flow Non-Default Global Settings                                                                                                                                 ;
+-------------------------------------+------------------------------------------------------------------------+---------------+----------------------+------------+
; Assignment Name                     ; Value                                                                  ; Default Value ; Entity Name          ; Section Id ;
+-------------------------------------+------------------------------------------------------------------------+---------------+----------------------+------------+
; COMPILER_SIGNATURE_ID               ; 13870905002691.168700942400624                                         ; --            ; --                   ; --         ;
; ENABLE_SIGNALTAP                    ; On                                                                     ; --            ; --                   ; --         ;
; MAX_CORE_JUNCTION_TEMP              ; 85                                                                     ; --            ; --                   ; --         ;
; MIN_CORE_JUNCTION_TEMP              ; 0                                                                      ; --            ; --                   ; --         ;
; MISC_FILE                           ; Image_Loader_Wrapper/synthesis/../Image_Loader_Wrapper.cmp             ; --            ; --                   ; --         ;
; MISC_FILE                           ; Image_Loader_Wrapper/synthesis/../../Image_Loader_Wrapper.qsys         ; --            ; --                   ; --         ;
; MISC_FILE                           ; src/pll.ppf                                                            ; --            ; --                   ; --         ;
; PARTITION_COLOR                     ; 16764057                                                               ; --            ; DE2_115_CAMERA       ; Top        ;
; PARTITION_FITTER_PRESERVATION_LEVEL ; PLACEMENT_AND_ROUTING                                                  ; --            ; DE2_115_CAMERA       ; Top        ;
; PARTITION_NETLIST_TYPE              ; SOURCE                                                                 ; --            ; DE2_115_CAMERA       ; Top        ;
; POWER_BOARD_THERMAL_MODEL           ; None (CONSERVATIVE)                                                    ; --            ; --                   ; --         ;
; POWER_PRESET_COOLING_SOLUTION       ; 23 MM HEAT SINK WITH 200 LFPM AIRFLOW                                  ; --            ; --                   ; --         ;
; SLD_FILE                            ; Image_Loader_Wrapper/synthesis/Image_Loader_Wrapper.debuginfo          ; --            ; --                   ; --         ;
; SLD_INFO                            ; QSYS_NAME Image_Loader_Wrapper HAS_SOPCINFO 1 GENERATION_ID 1687006818 ; --            ; Image_Loader_Wrapper ; --         ;
; SOPCINFO_FILE                       ; Image_Loader_Wrapper/synthesis/../../Image_Loader_Wrapper.sopcinfo     ; --            ; --                   ; --         ;
; SYNTHESIS_ONLY_QIP                  ; On                                                                     ; --            ; --                   ; --         ;
; TOP_LEVEL_ENTITY                    ; DE2_115_CAMERA                                                         ; DE2_115_AR    ; --                   ; --         ;
; USE_SIGNALTAP_FILE                  ; stp1.stp                                                               ; --            ; --                   ; --         ;
+-------------------------------------+------------------------------------------------------------------------+---------------+----------------------+------------+


+-------------------------------------------------------------------------------------------------------------------------------+
; Flow Elapsed Time                                                                                                             ;
+---------------------------+--------------+-------------------------+---------------------+------------------------------------+
; Module Name               ; Elapsed Time ; Average Processors Used ; Peak Virtual Memory ; Total CPU Time (on all processors) ;
+---------------------------+--------------+-------------------------+---------------------+------------------------------------+
; Analysis & Synthesis      ; 00:01:27     ; 1.0                     ; 5276 MB             ; 00:01:33                           ;
; Fitter                    ; 00:02:42     ; 3.2                     ; 6307 MB             ; 00:05:46                           ;
; Assembler                 ; 00:00:11     ; 1.0                     ; 4832 MB             ; 00:00:05                           ;
; TimeQuest Timing Analyzer ; 00:00:22     ; 2.3                     ; 5318 MB             ; 00:00:23                           ;
; Total                     ; 00:04:42     ; --                      ; --                  ; 00:07:47                           ;
+---------------------------+--------------+-------------------------+---------------------+------------------------------------+


+----------------------------------------------------------------------------------------+
; Flow OS Summary                                                                        ;
+---------------------------+------------------+-----------+------------+----------------+
; Module Name               ; Machine Hostname ; OS Name   ; OS Version ; Processor type ;
+---------------------------+------------------+-----------+------------+----------------+
; Analysis & Synthesis      ; DESKTOP-JV8QJOA  ; Windows 7 ; 6.2        ; x86_64         ;
; Fitter                    ; DESKTOP-JV8QJOA  ; Windows 7 ; 6.2        ; x86_64         ;
; Assembler                 ; DESKTOP-JV8QJOA  ; Windows 7 ; 6.2        ; x86_64         ;
; TimeQuest Timing Analyzer ; DESKTOP-JV8QJOA  ; Windows 7 ; 6.2        ; x86_64         ;
+---------------------------+------------------+-----------+------------+----------------+


------------
; Flow Log ;
------------
quartus_map --read_settings_files=on --write_settings_files=off DE2_115_AR -c DE2_115_AR
quartus_fit --read_settings_files=off --write_settings_files=off DE2_115_AR -c DE2_115_AR
quartus_asm --read_settings_files=off --write_settings_files=off DE2_115_AR -c DE2_115_AR
quartus_sta DE2_115_AR -c DE2_115_AR



